
*** Running vivado
    with args -log Project_design_D_input_0_0.vds -m64 -product Vivado -mode batch -messageDb vivado.pb -notrace -source Project_design_D_input_0_0.tcl


****** Vivado v2017.4 (64-bit)
  **** SW Build 2086221 on Fri Dec 15 20:55:39 MST 2017
  **** IP Build 2085800 on Fri Dec 15 22:25:07 MST 2017
    ** Copyright 1986-2017 Xilinx, Inc. All Rights Reserved.

source Project_design_D_input_0_0.tcl -notrace
Command: synth_design -top Project_design_D_input_0_0 -part xc7a35tcpg236-1 -mode out_of_context
Starting synth_design
Attempting to get a license for feature 'Synthesis' and/or device 'xc7a35t'
INFO: [Common 17-349] Got license for feature 'Synthesis' and/or device 'xc7a35t'
INFO: Launching helper process for spawning children vivado processes
INFO: Helper process launched with PID 12292 
---------------------------------------------------------------------------------
Starting RTL Elaboration : Time (s): cpu = 00:00:04 ; elapsed = 00:00:05 . Memory (MB): peak = 404.699 ; gain = 98.652
---------------------------------------------------------------------------------
INFO: [Synth 8-638] synthesizing module 'Project_design_D_input_0_0' [c:/Users/harun/Digital_Project/Digital_Project.srcs/sources_1/bd/Project_design/ip/Project_design_D_input_0_0/synth/Project_design_D_input_0_0.vhd:68]
INFO: [Synth 8-3491] module 'D_input' declared at 'c:/Users/harun/Digital_Project/Digital_Project.srcs/sources_1/bd/Project_design/ipshared/ee6c/src/D_input.vhd:14' bound to instance 'U0' of component 'D_input' [c:/Users/harun/Digital_Project/Digital_Project.srcs/sources_1/bd/Project_design/ip/Project_design_D_input_0_0/synth/Project_design_D_input_0_0.vhd:89]
INFO: [Synth 8-638] synthesizing module 'D_input' [c:/Users/harun/Digital_Project/Digital_Project.srcs/sources_1/bd/Project_design/ipshared/ee6c/src/D_input.vhd:30]
INFO: [Synth 8-3491] module 'D_input_xup_and2_0_2' declared at 'c:/Users/harun/Digital_Project/Digital_Project.srcs/sources_1/bd/Project_design/ip/Project_design_D_input_0_0/src/D_input_xup_and2_0_2/synth/D_input_xup_and2_0_2.v:57' bound to instance 'xup_and2_0' of component 'D_input_xup_and2_0_2' [c:/Users/harun/Digital_Project/Digital_Project.srcs/sources_1/bd/Project_design/ipshared/ee6c/src/D_input.vhd:125]
INFO: [Synth 8-638] synthesizing module 'D_input_xup_and2_0_2' [c:/Users/harun/Digital_Project/Digital_Project.srcs/sources_1/bd/Project_design/ip/Project_design_D_input_0_0/src/D_input_xup_and2_0_2/synth/D_input_xup_and2_0_2.v:57]
INFO: [Synth 8-638] synthesizing module 'xup_and2' [c:/Users/harun/Digital_Project/Digital_Project.srcs/sources_1/bd/Project_design/ip/Project_design_D_input_0_0/ipshared/9859/src/xup_and2.v:5]
	Parameter DELAY bound to: 3 - type: integer 
INFO: [Synth 8-256] done synthesizing module 'xup_and2' (1#1) [c:/Users/harun/Digital_Project/Digital_Project.srcs/sources_1/bd/Project_design/ip/Project_design_D_input_0_0/ipshared/9859/src/xup_and2.v:5]
INFO: [Synth 8-256] done synthesizing module 'D_input_xup_and2_0_2' (2#1) [c:/Users/harun/Digital_Project/Digital_Project.srcs/sources_1/bd/Project_design/ip/Project_design_D_input_0_0/src/D_input_xup_and2_0_2/synth/D_input_xup_and2_0_2.v:57]
INFO: [Synth 8-3491] module 'D_input_xup_and2_1_0' declared at 'c:/Users/harun/Digital_Project/Digital_Project.srcs/sources_1/bd/Project_design/ip/Project_design_D_input_0_0/src/D_input_xup_and2_1_0/synth/D_input_xup_and2_1_0.v:57' bound to instance 'xup_and2_1' of component 'D_input_xup_and2_1_0' [c:/Users/harun/Digital_Project/Digital_Project.srcs/sources_1/bd/Project_design/ipshared/ee6c/src/D_input.vhd:131]
INFO: [Synth 8-638] synthesizing module 'D_input_xup_and2_1_0' [c:/Users/harun/Digital_Project/Digital_Project.srcs/sources_1/bd/Project_design/ip/Project_design_D_input_0_0/src/D_input_xup_and2_1_0/synth/D_input_xup_and2_1_0.v:57]
INFO: [Synth 8-256] done synthesizing module 'D_input_xup_and2_1_0' (3#1) [c:/Users/harun/Digital_Project/Digital_Project.srcs/sources_1/bd/Project_design/ip/Project_design_D_input_0_0/src/D_input_xup_and2_1_0/synth/D_input_xup_and2_1_0.v:57]
INFO: [Synth 8-3491] module 'D_input_xup_and3_0_1' declared at 'c:/Users/harun/Digital_Project/Digital_Project.srcs/sources_1/bd/Project_design/ip/Project_design_D_input_0_0/src/D_input_xup_and3_0_1/synth/D_input_xup_and3_0_1.v:57' bound to instance 'xup_and3_0' of component 'D_input_xup_and3_0_1' [c:/Users/harun/Digital_Project/Digital_Project.srcs/sources_1/bd/Project_design/ipshared/ee6c/src/D_input.vhd:137]
INFO: [Synth 8-638] synthesizing module 'D_input_xup_and3_0_1' [c:/Users/harun/Digital_Project/Digital_Project.srcs/sources_1/bd/Project_design/ip/Project_design_D_input_0_0/src/D_input_xup_and3_0_1/synth/D_input_xup_and3_0_1.v:57]
INFO: [Synth 8-638] synthesizing module 'xup_and3' [c:/Users/harun/Digital_Project/Digital_Project.srcs/sources_1/bd/Project_design/ip/Project_design_D_input_0_0/ipshared/2167/src/xup_and3.v:5]
	Parameter DELAY bound to: 3 - type: integer 
INFO: [Synth 8-256] done synthesizing module 'xup_and3' (4#1) [c:/Users/harun/Digital_Project/Digital_Project.srcs/sources_1/bd/Project_design/ip/Project_design_D_input_0_0/ipshared/2167/src/xup_and3.v:5]
INFO: [Synth 8-256] done synthesizing module 'D_input_xup_and3_0_1' (5#1) [c:/Users/harun/Digital_Project/Digital_Project.srcs/sources_1/bd/Project_design/ip/Project_design_D_input_0_0/src/D_input_xup_and3_0_1/synth/D_input_xup_and3_0_1.v:57]
INFO: [Synth 8-3491] module 'D_input_xup_and4_0_3' declared at 'c:/Users/harun/Digital_Project/Digital_Project.srcs/sources_1/bd/Project_design/ip/Project_design_D_input_0_0/src/D_input_xup_and4_0_3/synth/D_input_xup_and4_0_3.v:57' bound to instance 'xup_and4_0' of component 'D_input_xup_and4_0_3' [c:/Users/harun/Digital_Project/Digital_Project.srcs/sources_1/bd/Project_design/ipshared/ee6c/src/D_input.vhd:144]
INFO: [Synth 8-638] synthesizing module 'D_input_xup_and4_0_3' [c:/Users/harun/Digital_Project/Digital_Project.srcs/sources_1/bd/Project_design/ip/Project_design_D_input_0_0/src/D_input_xup_and4_0_3/synth/D_input_xup_and4_0_3.v:57]
INFO: [Synth 8-638] synthesizing module 'xup_and4' [c:/Users/harun/Digital_Project/Digital_Project.srcs/sources_1/bd/Project_design/ip/Project_design_D_input_0_0/ipshared/8301/src/xup_and4.v:5]
	Parameter DELAY bound to: 3 - type: integer 
INFO: [Synth 8-256] done synthesizing module 'xup_and4' (6#1) [c:/Users/harun/Digital_Project/Digital_Project.srcs/sources_1/bd/Project_design/ip/Project_design_D_input_0_0/ipshared/8301/src/xup_and4.v:5]
INFO: [Synth 8-256] done synthesizing module 'D_input_xup_and4_0_3' (7#1) [c:/Users/harun/Digital_Project/Digital_Project.srcs/sources_1/bd/Project_design/ip/Project_design_D_input_0_0/src/D_input_xup_and4_0_3/synth/D_input_xup_and4_0_3.v:57]
INFO: [Synth 8-3491] module 'D_input_xup_inv_0_3' declared at 'c:/Users/harun/Digital_Project/Digital_Project.srcs/sources_1/bd/Project_design/ip/Project_design_D_input_0_0/src/D_input_xup_inv_0_3/synth/D_input_xup_inv_0_3.v:57' bound to instance 'xup_inv_0' of component 'D_input_xup_inv_0_3' [c:/Users/harun/Digital_Project/Digital_Project.srcs/sources_1/bd/Project_design/ipshared/ee6c/src/D_input.vhd:152]
INFO: [Synth 8-638] synthesizing module 'D_input_xup_inv_0_3' [c:/Users/harun/Digital_Project/Digital_Project.srcs/sources_1/bd/Project_design/ip/Project_design_D_input_0_0/src/D_input_xup_inv_0_3/synth/D_input_xup_inv_0_3.v:57]
INFO: [Synth 8-638] synthesizing module 'xup_inv' [c:/Users/harun/Digital_Project/Digital_Project.srcs/sources_1/bd/Project_design/ip/Project_design_D_input_0_0/ipshared/67eb/src/xup_inv.v:5]
	Parameter DELAY bound to: 3 - type: integer 
INFO: [Synth 8-256] done synthesizing module 'xup_inv' (8#1) [c:/Users/harun/Digital_Project/Digital_Project.srcs/sources_1/bd/Project_design/ip/Project_design_D_input_0_0/ipshared/67eb/src/xup_inv.v:5]
INFO: [Synth 8-256] done synthesizing module 'D_input_xup_inv_0_3' (9#1) [c:/Users/harun/Digital_Project/Digital_Project.srcs/sources_1/bd/Project_design/ip/Project_design_D_input_0_0/src/D_input_xup_inv_0_3/synth/D_input_xup_inv_0_3.v:57]
INFO: [Synth 8-3491] module 'D_input_xup_inv_1_1' declared at 'c:/Users/harun/Digital_Project/Digital_Project.srcs/sources_1/bd/Project_design/ip/Project_design_D_input_0_0/src/D_input_xup_inv_1_1/synth/D_input_xup_inv_1_1.v:57' bound to instance 'xup_inv_1' of component 'D_input_xup_inv_1_1' [c:/Users/harun/Digital_Project/Digital_Project.srcs/sources_1/bd/Project_design/ipshared/ee6c/src/D_input.vhd:157]
INFO: [Synth 8-638] synthesizing module 'D_input_xup_inv_1_1' [c:/Users/harun/Digital_Project/Digital_Project.srcs/sources_1/bd/Project_design/ip/Project_design_D_input_0_0/src/D_input_xup_inv_1_1/synth/D_input_xup_inv_1_1.v:57]
INFO: [Synth 8-256] done synthesizing module 'D_input_xup_inv_1_1' (10#1) [c:/Users/harun/Digital_Project/Digital_Project.srcs/sources_1/bd/Project_design/ip/Project_design_D_input_0_0/src/D_input_xup_inv_1_1/synth/D_input_xup_inv_1_1.v:57]
INFO: [Synth 8-3491] module 'D_input_xup_inv_1_2' declared at 'c:/Users/harun/Digital_Project/Digital_Project.srcs/sources_1/bd/Project_design/ip/Project_design_D_input_0_0/src/D_input_xup_inv_1_2/synth/D_input_xup_inv_1_2.v:57' bound to instance 'xup_inv_2' of component 'D_input_xup_inv_1_2' [c:/Users/harun/Digital_Project/Digital_Project.srcs/sources_1/bd/Project_design/ipshared/ee6c/src/D_input.vhd:162]
INFO: [Synth 8-638] synthesizing module 'D_input_xup_inv_1_2' [c:/Users/harun/Digital_Project/Digital_Project.srcs/sources_1/bd/Project_design/ip/Project_design_D_input_0_0/src/D_input_xup_inv_1_2/synth/D_input_xup_inv_1_2.v:57]
INFO: [Synth 8-256] done synthesizing module 'D_input_xup_inv_1_2' (11#1) [c:/Users/harun/Digital_Project/Digital_Project.srcs/sources_1/bd/Project_design/ip/Project_design_D_input_0_0/src/D_input_xup_inv_1_2/synth/D_input_xup_inv_1_2.v:57]
INFO: [Synth 8-3491] module 'D_input_xup_or2_0_1' declared at 'c:/Users/harun/Digital_Project/Digital_Project.srcs/sources_1/bd/Project_design/ip/Project_design_D_input_0_0/src/D_input_xup_or2_0_1/synth/D_input_xup_or2_0_1.v:57' bound to instance 'xup_or2_0' of component 'D_input_xup_or2_0_1' [c:/Users/harun/Digital_Project/Digital_Project.srcs/sources_1/bd/Project_design/ipshared/ee6c/src/D_input.vhd:167]
INFO: [Synth 8-638] synthesizing module 'D_input_xup_or2_0_1' [c:/Users/harun/Digital_Project/Digital_Project.srcs/sources_1/bd/Project_design/ip/Project_design_D_input_0_0/src/D_input_xup_or2_0_1/synth/D_input_xup_or2_0_1.v:57]
INFO: [Synth 8-638] synthesizing module 'xup_or2' [c:/Users/harun/Digital_Project/Digital_Project.srcs/sources_1/bd/Project_design/ip/Project_design_D_input_0_0/ipshared/c3d7/src/xup_or2.v:5]
	Parameter DELAY bound to: 3 - type: integer 
INFO: [Synth 8-256] done synthesizing module 'xup_or2' (12#1) [c:/Users/harun/Digital_Project/Digital_Project.srcs/sources_1/bd/Project_design/ip/Project_design_D_input_0_0/ipshared/c3d7/src/xup_or2.v:5]
INFO: [Synth 8-256] done synthesizing module 'D_input_xup_or2_0_1' (13#1) [c:/Users/harun/Digital_Project/Digital_Project.srcs/sources_1/bd/Project_design/ip/Project_design_D_input_0_0/src/D_input_xup_or2_0_1/synth/D_input_xup_or2_0_1.v:57]
INFO: [Synth 8-3491] module 'D_input_xup_or2_1_0' declared at 'c:/Users/harun/Digital_Project/Digital_Project.srcs/sources_1/bd/Project_design/ip/Project_design_D_input_0_0/src/D_input_xup_or2_1_0/synth/D_input_xup_or2_1_0.v:57' bound to instance 'xup_or2_1' of component 'D_input_xup_or2_1_0' [c:/Users/harun/Digital_Project/Digital_Project.srcs/sources_1/bd/Project_design/ipshared/ee6c/src/D_input.vhd:173]
INFO: [Synth 8-638] synthesizing module 'D_input_xup_or2_1_0' [c:/Users/harun/Digital_Project/Digital_Project.srcs/sources_1/bd/Project_design/ip/Project_design_D_input_0_0/src/D_input_xup_or2_1_0/synth/D_input_xup_or2_1_0.v:57]
INFO: [Synth 8-256] done synthesizing module 'D_input_xup_or2_1_0' (14#1) [c:/Users/harun/Digital_Project/Digital_Project.srcs/sources_1/bd/Project_design/ip/Project_design_D_input_0_0/src/D_input_xup_or2_1_0/synth/D_input_xup_or2_1_0.v:57]
INFO: [Synth 8-3491] module 'D_input_xup_xor2_0_2' declared at 'c:/Users/harun/Digital_Project/Digital_Project.srcs/sources_1/bd/Project_design/ip/Project_design_D_input_0_0/src/D_input_xup_xor2_0_2/synth/D_input_xup_xor2_0_2.v:57' bound to instance 'xup_xor2_0' of component 'D_input_xup_xor2_0_2' [c:/Users/harun/Digital_Project/Digital_Project.srcs/sources_1/bd/Project_design/ipshared/ee6c/src/D_input.vhd:179]
INFO: [Synth 8-638] synthesizing module 'D_input_xup_xor2_0_2' [c:/Users/harun/Digital_Project/Digital_Project.srcs/sources_1/bd/Project_design/ip/Project_design_D_input_0_0/src/D_input_xup_xor2_0_2/synth/D_input_xup_xor2_0_2.v:57]
INFO: [Synth 8-638] synthesizing module 'xup_xor2' [c:/Users/harun/Digital_Project/Digital_Project.srcs/sources_1/bd/Project_design/ip/Project_design_D_input_0_0/ipshared/7294/src/xup_xor2.v:5]
	Parameter DELAY bound to: 3 - type: integer 
INFO: [Synth 8-256] done synthesizing module 'xup_xor2' (15#1) [c:/Users/harun/Digital_Project/Digital_Project.srcs/sources_1/bd/Project_design/ip/Project_design_D_input_0_0/ipshared/7294/src/xup_xor2.v:5]
INFO: [Synth 8-256] done synthesizing module 'D_input_xup_xor2_0_2' (16#1) [c:/Users/harun/Digital_Project/Digital_Project.srcs/sources_1/bd/Project_design/ip/Project_design_D_input_0_0/src/D_input_xup_xor2_0_2/synth/D_input_xup_xor2_0_2.v:57]
INFO: [Synth 8-256] done synthesizing module 'D_input' (17#1) [c:/Users/harun/Digital_Project/Digital_Project.srcs/sources_1/bd/Project_design/ipshared/ee6c/src/D_input.vhd:30]
INFO: [Synth 8-256] done synthesizing module 'Project_design_D_input_0_0' (18#1) [c:/Users/harun/Digital_Project/Digital_Project.srcs/sources_1/bd/Project_design/ip/Project_design_D_input_0_0/synth/Project_design_D_input_0_0.vhd:68]
---------------------------------------------------------------------------------
Finished RTL Elaboration : Time (s): cpu = 00:00:05 ; elapsed = 00:00:06 . Memory (MB): peak = 456.656 ; gain = 150.609
---------------------------------------------------------------------------------

Report Check Netlist: 
+------+------------------+-------+---------+-------+------------------+
|      |Item              |Errors |Warnings |Status |Description       |
+------+------------------+-------+---------+-------+------------------+
|1     |multi_driven_nets |      0|        0|Passed |Multi driven nets |
+------+------------------+-------+---------+-------+------------------+
---------------------------------------------------------------------------------
Finished RTL Optimization Phase 1 : Time (s): cpu = 00:00:05 ; elapsed = 00:00:06 . Memory (MB): peak = 456.656 ; gain = 150.609
---------------------------------------------------------------------------------
INFO: [Device 21-403] Loading part xc7a35tcpg236-1
INFO: [Project 1-570] Preparing netlist for logic optimization

Processing XDC Constraints
Initializing timing engine
Parsing XDC File [c:/Users/harun/Digital_Project/Digital_Project.srcs/sources_1/bd/Project_design/ip/Project_design_D_input_0_0/src/D_input_ooc.xdc] for cell 'U0'
Finished Parsing XDC File [c:/Users/harun/Digital_Project/Digital_Project.srcs/sources_1/bd/Project_design/ip/Project_design_D_input_0_0/src/D_input_ooc.xdc] for cell 'U0'
Parsing XDC File [C:/Users/harun/Digital_Project/Digital_Project.runs/Project_design_D_input_0_0_synth_1/dont_touch.xdc]
Finished Parsing XDC File [C:/Users/harun/Digital_Project/Digital_Project.runs/Project_design_D_input_0_0_synth_1/dont_touch.xdc]
Completed Processing XDC Constraints

INFO: [Project 1-111] Unisim Transformation Summary:
No Unisim elements were transformed.

Constraint Validation Runtime : Time (s): cpu = 00:00:00 ; elapsed = 00:00:00.005 . Memory (MB): peak = 756.977 ; gain = 0.000
---------------------------------------------------------------------------------
Finished Constraint Validation : Time (s): cpu = 00:00:15 ; elapsed = 00:00:16 . Memory (MB): peak = 756.977 ; gain = 450.930
---------------------------------------------------------------------------------
---------------------------------------------------------------------------------
Start Loading Part and Timing Information
---------------------------------------------------------------------------------
Loading part: xc7a35tcpg236-1
---------------------------------------------------------------------------------
Finished Loading Part and Timing Information : Time (s): cpu = 00:00:15 ; elapsed = 00:00:16 . Memory (MB): peak = 756.977 ; gain = 450.930
---------------------------------------------------------------------------------
---------------------------------------------------------------------------------
Start Applying 'set_property' XDC Constraints
---------------------------------------------------------------------------------
Applied set_property DONT_TOUCH = true for U0. (constraint file  C:/Users/harun/Digital_Project/Digital_Project.runs/Project_design_D_input_0_0_synth_1/dont_touch.xdc, line 96).
Applied set_property DONT_TOUCH = true for U0/xup_and2_0. (constraint file  auto generated constraint, line ).
Applied set_property DONT_TOUCH = true for U0/xup_and2_1. (constraint file  auto generated constraint, line ).
Applied set_property DONT_TOUCH = true for U0/xup_and3_0. (constraint file  auto generated constraint, line ).
Applied set_property DONT_TOUCH = true for U0/xup_and4_0. (constraint file  auto generated constraint, line ).
Applied set_property DONT_TOUCH = true for U0/xup_inv_0. (constraint file  auto generated constraint, line ).
Applied set_property DONT_TOUCH = true for U0/xup_inv_1. (constraint file  auto generated constraint, line ).
Applied set_property DONT_TOUCH = true for U0/xup_inv_2. (constraint file  auto generated constraint, line ).
Applied set_property DONT_TOUCH = true for U0/xup_or2_0. (constraint file  auto generated constraint, line ).
Applied set_property DONT_TOUCH = true for U0/xup_or2_1. (constraint file  auto generated constraint, line ).
Applied set_property DONT_TOUCH = true for U0/xup_xor2_0. (constraint file  auto generated constraint, line ).
---------------------------------------------------------------------------------
Finished applying 'set_property' XDC Constraints : Time (s): cpu = 00:00:15 ; elapsed = 00:00:16 . Memory (MB): peak = 756.977 ; gain = 450.930
---------------------------------------------------------------------------------
---------------------------------------------------------------------------------
Finished RTL Optimization Phase 2 : Time (s): cpu = 00:00:15 ; elapsed = 00:00:16 . Memory (MB): peak = 756.977 ; gain = 450.930
---------------------------------------------------------------------------------

Report RTL Partitions: 
+-+--------------+------------+----------+
| |RTL Partition |Replication |Instances |
+-+--------------+------------+----------+
+-+--------------+------------+----------+
---------------------------------------------------------------------------------
Start RTL Component Statistics 
---------------------------------------------------------------------------------
Detailed RTL Component Info : 
+---XORs : 
	   2 Input      1 Bit         XORs := 1     
---------------------------------------------------------------------------------
Finished RTL Component Statistics 
---------------------------------------------------------------------------------
---------------------------------------------------------------------------------
Start RTL Hierarchical Component Statistics 
---------------------------------------------------------------------------------
Hierarchical RTL Component report 
Module xup_xor2 
Detailed RTL Component Info : 
+---XORs : 
	   2 Input      1 Bit         XORs := 1     
---------------------------------------------------------------------------------
Finished RTL Hierarchical Component Statistics
---------------------------------------------------------------------------------
---------------------------------------------------------------------------------
Start Part Resource Summary
---------------------------------------------------------------------------------
Part Resources:
DSPs: 90 (col length:60)
BRAMs: 100 (col length: RAMB18 60 RAMB36 30)
---------------------------------------------------------------------------------
Finished Part Resource Summary
---------------------------------------------------------------------------------
---------------------------------------------------------------------------------
Start Cross Boundary and Area Optimization
---------------------------------------------------------------------------------
---------------------------------------------------------------------------------
Finished Cross Boundary and Area Optimization : Time (s): cpu = 00:00:15 ; elapsed = 00:00:16 . Memory (MB): peak = 756.977 ; gain = 450.930
---------------------------------------------------------------------------------

Report RTL Partitions: 
+-+--------------+------------+----------+
| |RTL Partition |Replication |Instances |
+-+--------------+------------+----------+
+-+--------------+------------+----------+
---------------------------------------------------------------------------------
Start Applying XDC Timing Constraints
---------------------------------------------------------------------------------
---------------------------------------------------------------------------------
Finished Applying XDC Timing Constraints : Time (s): cpu = 00:00:23 ; elapsed = 00:00:24 . Memory (MB): peak = 777.063 ; gain = 471.016
---------------------------------------------------------------------------------
---------------------------------------------------------------------------------
Start Timing Optimization
---------------------------------------------------------------------------------
---------------------------------------------------------------------------------
Finished Timing Optimization : Time (s): cpu = 00:00:23 ; elapsed = 00:00:24 . Memory (MB): peak = 777.063 ; gain = 471.016
---------------------------------------------------------------------------------

Report RTL Partitions: 
+-+--------------+------------+----------+
| |RTL Partition |Replication |Instances |
+-+--------------+------------+----------+
+-+--------------+------------+----------+
---------------------------------------------------------------------------------
Start Technology Mapping
---------------------------------------------------------------------------------
---------------------------------------------------------------------------------
Finished Technology Mapping : Time (s): cpu = 00:00:23 ; elapsed = 00:00:24 . Memory (MB): peak = 786.602 ; gain = 480.555
---------------------------------------------------------------------------------

Report RTL Partitions: 
+-+--------------+------------+----------+
| |RTL Partition |Replication |Instances |
+-+--------------+------------+----------+
+-+--------------+------------+----------+
---------------------------------------------------------------------------------
Start IO Insertion
---------------------------------------------------------------------------------
---------------------------------------------------------------------------------
Start Flattening Before IO Insertion
---------------------------------------------------------------------------------
---------------------------------------------------------------------------------
Finished Flattening Before IO Insertion
---------------------------------------------------------------------------------
---------------------------------------------------------------------------------
Start Final Netlist Cleanup
---------------------------------------------------------------------------------
---------------------------------------------------------------------------------
Finished Final Netlist Cleanup
---------------------------------------------------------------------------------
---------------------------------------------------------------------------------
Finished IO Insertion : Time (s): cpu = 00:00:24 ; elapsed = 00:00:25 . Memory (MB): peak = 786.602 ; gain = 480.555
---------------------------------------------------------------------------------

Report Check Netlist: 
+------+------------------+-------+---------+-------+------------------+
|      |Item              |Errors |Warnings |Status |Description       |
+------+------------------+-------+---------+-------+------------------+
|1     |multi_driven_nets |      0|        0|Passed |Multi driven nets |
+------+------------------+-------+---------+-------+------------------+
---------------------------------------------------------------------------------
Start Renaming Generated Instances
---------------------------------------------------------------------------------
---------------------------------------------------------------------------------
Finished Renaming Generated Instances : Time (s): cpu = 00:00:24 ; elapsed = 00:00:25 . Memory (MB): peak = 786.602 ; gain = 480.555
---------------------------------------------------------------------------------

Report RTL Partitions: 
+-+--------------+------------+----------+
| |RTL Partition |Replication |Instances |
+-+--------------+------------+----------+
+-+--------------+------------+----------+
---------------------------------------------------------------------------------
Start Rebuilding User Hierarchy
---------------------------------------------------------------------------------
---------------------------------------------------------------------------------
Finished Rebuilding User Hierarchy : Time (s): cpu = 00:00:24 ; elapsed = 00:00:25 . Memory (MB): peak = 786.602 ; gain = 480.555
---------------------------------------------------------------------------------
---------------------------------------------------------------------------------
Start Renaming Generated Ports
---------------------------------------------------------------------------------
---------------------------------------------------------------------------------
Finished Renaming Generated Ports : Time (s): cpu = 00:00:24 ; elapsed = 00:00:25 . Memory (MB): peak = 786.602 ; gain = 480.555
---------------------------------------------------------------------------------
---------------------------------------------------------------------------------
Start Handling Custom Attributes
---------------------------------------------------------------------------------
---------------------------------------------------------------------------------
Finished Handling Custom Attributes : Time (s): cpu = 00:00:24 ; elapsed = 00:00:25 . Memory (MB): peak = 786.602 ; gain = 480.555
---------------------------------------------------------------------------------
---------------------------------------------------------------------------------
Start Renaming Generated Nets
---------------------------------------------------------------------------------
---------------------------------------------------------------------------------
Finished Renaming Generated Nets : Time (s): cpu = 00:00:24 ; elapsed = 00:00:25 . Memory (MB): peak = 786.602 ; gain = 480.555
---------------------------------------------------------------------------------
---------------------------------------------------------------------------------
Start Writing Synthesis Report
---------------------------------------------------------------------------------

Report BlackBoxes: 
+-+--------------+----------+
| |BlackBox name |Instances |
+-+--------------+----------+
+-+--------------+----------+

Report Cell Usage: 
+------+-----+------+
|      |Cell |Count |
+------+-----+------+
|1     |LUT1 |     3|
|2     |LUT2 |     5|
|3     |LUT3 |     1|
|4     |LUT4 |     1|
+------+-----+------+

Report Instance Areas: 
+------+---------------+---------------------+------+
|      |Instance       |Module               |Cells |
+------+---------------+---------------------+------+
|1     |top            |                     |    10|
|2     |  U0           |D_input              |    10|
|3     |    xup_and2_0 |D_input_xup_and2_0_2 |     1|
|4     |    xup_and2_1 |D_input_xup_and2_1_0 |     1|
|5     |    xup_and3_0 |D_input_xup_and3_0_1 |     1|
|6     |      inst     |xup_and3             |     1|
|7     |    xup_and4_0 |D_input_xup_and4_0_3 |     1|
|8     |      inst     |xup_and4             |     1|
|9     |    xup_inv_0  |D_input_xup_inv_0_3  |     1|
|10    |    xup_inv_1  |D_input_xup_inv_1_1  |     1|
|11    |    xup_inv_2  |D_input_xup_inv_1_2  |     1|
|12    |    xup_or2_0  |D_input_xup_or2_0_1  |     1|
|13    |    xup_or2_1  |D_input_xup_or2_1_0  |     1|
|14    |    xup_xor2_0 |D_input_xup_xor2_0_2 |     1|
+------+---------------+---------------------+------+
---------------------------------------------------------------------------------
Finished Writing Synthesis Report : Time (s): cpu = 00:00:24 ; elapsed = 00:00:25 . Memory (MB): peak = 786.602 ; gain = 480.555
---------------------------------------------------------------------------------
Synthesis finished with 0 errors, 0 critical warnings and 0 warnings.
Synthesis Optimization Runtime : Time (s): cpu = 00:00:14 ; elapsed = 00:00:20 . Memory (MB): peak = 786.602 ; gain = 180.234
Synthesis Optimization Complete : Time (s): cpu = 00:00:24 ; elapsed = 00:00:25 . Memory (MB): peak = 786.602 ; gain = 480.555
INFO: [Project 1-571] Translating synthesized netlist
INFO: [Project 1-570] Preparing netlist for logic optimization
INFO: [Opt 31-138] Pushed 0 inverter(s) to 0 load pin(s).
INFO: [Project 1-111] Unisim Transformation Summary:
No Unisim elements were transformed.

INFO: [Common 17-83] Releasing license: Synthesis
56 Infos, 0 Warnings, 0 Critical Warnings and 0 Errors encountered.
synth_design completed successfully
synth_design: Time (s): cpu = 00:00:26 ; elapsed = 00:00:27 . Memory (MB): peak = 796.703 ; gain = 502.129
INFO: [Common 17-1381] The checkpoint 'C:/Users/harun/Digital_Project/Digital_Project.runs/Project_design_D_input_0_0_synth_1/Project_design_D_input_0_0.dcp' has been generated.
